<?xml version="1.0" encoding="UTF-8"?>
<!-- Generated by org.testng.reporters.JUnitReportReporter -->
<testsuite hostname="ChandNaz" failures="0" tests="2" name="ChandNaz.Tests.SubmitOrderTestwithExcel" time="36.503" errors="0" timestamp="2023-12-28T13:45:10 IST" skipped="0">
  <testcase classname="ChandNaz.Tests.SubmitOrderTestwithExcel" name="VerifyOrders" time="10.455"/>
  <testcase classname="ChandNaz.Tests.SubmitOrderTestwithExcel" name="submitOrderExcel" time="26.048"/>
</testsuite> <!-- ChandNaz.Tests.SubmitOrderTestwithExcel -->
