<?xml version="1.0" encoding="UTF-8"?>
<!-- Generated by org.testng.reporters.JUnitReportReporter -->
<testsuite hostname="ChandNaz" failures="0" tests="1" name="ChandNaz.Tests.SubmitOrderTest2" time="39.090" errors="0" timestamp="2023-12-27T23:08:52 IST" skipped="0">
  <testcase classname="ChandNaz.Tests.SubmitOrderTest2" name="submitOrder" time="39.090"/>
</testsuite> <!-- ChandNaz.Tests.SubmitOrderTest2 -->
