<?xml version="1.0" encoding="UTF-8"?>
<!-- Generated by org.testng.reporters.JUnitReportReporter -->
<testsuite hostname="ChandNaz" failures="0" tests="2" name="nextGenerationAutomationLearnTestNG.DataProviderClass" time="0.023" errors="0" timestamp="2024-02-28T18:29:56 IST" skipped="0">
  <testcase classname="nextGenerationAutomationLearnTestNG.DataProviderClass" name="loginTest" time="0.005"/>
  <testcase classname="nextGenerationAutomationLearnTestNG.DataProviderClass" name="loginTest" time="0.018"/>
</testsuite> <!-- nextGenerationAutomationLearnTestNG.DataProviderClass -->
