<?xml version="1.0" encoding="UTF-8"?>
<!-- Generated by org.testng.reporters.JUnitReportReporter -->
<testsuite hostname="ChandNaz" failures="0" tests="2" name="ChandNaz.Tests.SubmitOrderTest" time="0.000" errors="0" timestamp="24 Dec 2023 15:58:43 GMT" skipped="2">
  <testcase classname="ChandNaz.Tests.SubmitOrderTest" name="VerifyOrders" time="0.000">
    <skipped/>
  </testcase> <!-- VerifyOrders -->
  <testcase classname="ChandNaz.Tests.SubmitOrderTest" name="submitOrder" time="0.000">
    <skipped/>
  </testcase> <!-- submitOrder -->
</testsuite> <!-- ChandNaz.Tests.SubmitOrderTest -->
