<?xml version="1.0" encoding="UTF-8"?>
<!-- Generated by org.testng.reporters.JUnitReportReporter -->
<testsuite hostname="ChandNaz" failures="0" tests="1" name="cucumber.TestNGTestRunner" time="27.153" errors="0" timestamp="24 Dec 2023 15:51:01 GMT" skipped="0">
  <testcase classname="cucumber.TestNGTestRunner" name="runScenario" time="27.153"/>
</testsuite> <!-- cucumber.TestNGTestRunner -->
