<?xml version="1.0" encoding="UTF-8"?>
<!-- Generated by org.testng.reporters.JUnitReportReporter -->
<testsuite hostname="ChandNaz" failures="0" tests="2" name="ChandNaz.Tests.ErrorValidationTest" time="23.272" errors="0" timestamp="24 Dec 2023 15:58:43 GMT" skipped="0">
  <testcase classname="ChandNaz.Tests.ErrorValidationTest" name="LoginErrorValidation" time="12.609"/>
  <testcase classname="ChandNaz.Tests.ErrorValidationTest" name="ProductErrorValidation" time="10.663"/>
</testsuite> <!-- ChandNaz.Tests.ErrorValidationTest -->
